<?xml version="1.0" encoding="UTF-8"?>
<!-- Generated by org.testng.reporters.JUnitXMLReporter -->
<testsuite hostname="LAPTOP-MKMVGRDG" name="Test" tests="4" failures="0" timestamp="19 Jan 2021 20:05:40 GMT" time="150.098" errors="0">
  <testcase name="loginValidation" time="9.742" classname="Mypackage1.HomePage"/>
  <testcase name="loginValidation" time="8.001" classname="Mypackage1.HomePage"/>
  <testcase name="titleValidation" time="0.385" classname="Mypackage1.validateTitle"/>
  <testcase name="navigationBarValidate" time="1.174" classname="Mypackage1.validateNavigation"/>
</testsuite> <!-- Test -->
