<?xml version="1.0" encoding="UTF-8"?>
<testng-results skipped="0" failed="0" total="1" passed="1">
  <reporter-output>
  </reporter-output>
  <suite name="Suite" duration-ms="29718" started-at="2021-02-16T00:18:59Z" finished-at="2021-02-16T00:19:29Z">
    <groups>
      <group name="cucumber">
        <method signature="AbstractTestNGCucumberTests.feature(cucumber.api.testng.CucumberFeatureWrapper)[pri:0, instance:cucumberOptions.TestRunner@6379eb]" name="feature" class="cucumber.api.testng.AbstractTestNGCucumberTests"/>
      </group> <!-- cucumber -->
    </groups>
    <test name="HomeTest" duration-ms="29718" started-at="2021-02-16T00:18:59Z" finished-at="2021-02-16T00:19:29Z">
      <class name="cucumberOptions.TestRunner">
        <test-method status="PASS" signature="setUpClass()[pri:0, instance:cucumberOptions.TestRunner@6379eb]" name="setUpClass" is-config="true" duration-ms="125" started-at="2021-02-15T19:18:59Z" finished-at="2021-02-15T19:19:00Z">
          <reporter-output>
          </reporter-output>
        </test-method> <!-- setUpClass -->
        <test-method status="PASS" signature="feature(cucumber.api.testng.CucumberFeatureWrapper)[pri:0, instance:cucumberOptions.TestRunner@6379eb]" name="feature" duration-ms="29540" started-at="2021-02-15T19:19:00Z" description="Runs Cucumber Feature" data-provider="features" finished-at="2021-02-15T19:19:29Z">
          <params>
            <param index="0">
              <value>
                <![CDATA[Application Login]]>
              </value>
            </param>
          </params>
          <reporter-output>
          </reporter-output>
        </test-method> <!-- feature -->
        <test-method status="PASS" signature="tearDownClass()[pri:0, instance:cucumberOptions.TestRunner@6379eb]" name="tearDownClass" is-config="true" duration-ms="2" started-at="2021-02-15T19:19:29Z" finished-at="2021-02-15T19:19:29Z">
          <reporter-output>
          </reporter-output>
        </test-method> <!-- tearDownClass -->
      </class> <!-- cucumberOptions.TestRunner -->
    </test> <!-- HomeTest -->
  </suite> <!-- Suite -->
</testng-results>
