<?xml version="1.0" encoding="UTF-8"?>
<testng-results skipped="0" failed="0" total="1" passed="1">
  <reporter-output>
  </reporter-output>
  <suite name="Suite" duration-ms="29628" started-at="2021-02-16T00:09:04Z" finished-at="2021-02-16T00:09:34Z">
    <groups>
      <group name="cucumber">
        <method signature="AbstractTestNGCucumberTests.feature(cucumber.api.testng.CucumberFeatureWrapper)[pri:0, instance:cucumberOptions.TestRunner@689604d9]" name="feature" class="cucumber.api.testng.AbstractTestNGCucumberTests"/>
      </group> <!-- cucumber -->
    </groups>
    <test name="HomeTest" duration-ms="29628" started-at="2021-02-16T00:09:04Z" finished-at="2021-02-16T00:09:34Z">
      <class name="cucumberOptions.TestRunner">
        <test-method status="PASS" signature="setUpClass()[pri:0, instance:cucumberOptions.TestRunner@689604d9]" name="setUpClass" is-config="true" duration-ms="125" started-at="2021-02-15T19:09:04Z" finished-at="2021-02-15T19:09:04Z">
          <reporter-output>
          </reporter-output>
        </test-method> <!-- setUpClass -->
        <test-method status="PASS" signature="feature(cucumber.api.testng.CucumberFeatureWrapper)[pri:0, instance:cucumberOptions.TestRunner@689604d9]" name="feature" duration-ms="28520" started-at="2021-02-15T19:09:04Z" description="Runs Cucumber Feature" data-provider="features" finished-at="2021-02-15T19:09:33Z">
          <params>
            <param index="0">
              <value>
                <![CDATA[Application Login]]>
              </value>
            </param>
          </params>
          <reporter-output>
          </reporter-output>
        </test-method> <!-- feature -->
        <test-method status="PASS" signature="tearDownClass()[pri:0, instance:cucumberOptions.TestRunner@689604d9]" name="tearDownClass" is-config="true" duration-ms="4" started-at="2021-02-15T19:09:34Z" finished-at="2021-02-15T19:09:34Z">
          <reporter-output>
          </reporter-output>
        </test-method> <!-- tearDownClass -->
      </class> <!-- cucumberOptions.TestRunner -->
    </test> <!-- HomeTest -->
  </suite> <!-- Suite -->
</testng-results>
